This file contains any messages produced by compilers while
running configure, to aid debugging if configure makes a mistake.

It was created by configure, which was
generated by GNU Autoconf 2.67.  Invocation command line was

  $ ./configure --with-nmstl=/opt/borealis-tools/nmstl --with-antlr=/opt/borealis-tools/antlr --with-xercesc=/opt/borealis-tools/xercesc

## --------- ##
## Platform. ##
## --------- ##

hostname = hellojinjie
uname -m = i686
uname -r = 2.6.38-8-generic
uname -s = Linux
uname -v = #42-Ubuntu SMP Mon Apr 11 03:31:50 UTC 2011

/usr/bin/uname -p = unknown
/bin/uname -X     = unknown

/bin/arch              = unknown
/usr/bin/arch -k       = unknown
/usr/convex/getsysinfo = unknown
/usr/bin/hostinfo      = unknown
/bin/machine           = unknown
/usr/bin/oslevel       = unknown
/bin/universe          = unknown

PATH: /home/jj/Workspace/borealis_summer_2008/borealis/tool/head
PATH: /home/jj/Workspace/borealis_summer_2008/borealis/tool/marshal
PATH: /opt/borealis-tools/gsl/bin
PATH: /opt/borealis-tools/nmstl/bin
PATH: /opt/borealis-tools/glpk/bin
PATH: /opt/borealis-tools/antlr/bin
PATH: /opt/borealis-tools/db/bin
PATH: /opt/borealis-tools/gcc/bin
PATH: /opt/borealis-tools/antlr/bin
PATH: /opt/borealis-tools/ccache/bin
PATH: /home/jj/bin
PATH: /usr/local/sbin
PATH: /usr/local/bin
PATH: /usr/sbin
PATH: /usr/bin
PATH: /sbin
PATH: /bin
PATH: /usr/games


## ----------- ##
## Core tests. ##
## ----------- ##

configure:2520: checking for a BSD-compatible install
configure:2588: result: /usr/bin/install -c
configure:2599: checking whether build environment is sane
configure:2649: result: yes
configure:2790: checking for a thread-safe mkdir -p
configure:2829: result: /bin/mkdir -p
configure:2842: checking for gawk
configure:2858: found /usr/bin/gawk
configure:2869: result: gawk
configure:2880: checking whether make sets $(MAKE)
configure:2902: result: yes
configure:3031: checking for gcc
configure:3047: found /opt/borealis-tools/gcc/bin/gcc
configure:3058: result: gcc
configure:3287: checking for C compiler version
configure:3296: gcc --version >&5
gcc (GCC) 4.1.1
Copyright (C) 2006 Free Software Foundation, Inc.
This is free software; see the source for copying conditions.  There is NO
warranty; not even for MERCHANTABILITY or FITNESS FOR A PARTICULAR PURPOSE.

configure:3307: $? = 0
configure:3296: gcc -v >&5
Using built-in specs.
Target: i686-pc-linux-gnu
Configured with: ../gcc-4.1.1/configure --program-prefix=4.1.1 --prefix=/opt/borealis-tools/gcc --enable-languages=c,c++ : (reconfigured) ../gcc-4.1.1/configure --prefix=/opt/borealis-tools/gcc --enable-languages=c,c++
Thread model: posix
gcc version 4.1.1
configure:3307: $? = 0
configure:3296: gcc -V >&5
gcc: '-V' option must have argument
configure:3307: $? = 1
configure:3296: gcc -qversion >&5
gcc: unrecognized option '-qversion'
gcc: no input files
configure:3307: $? = 1
configure:3327: checking whether the C compiler works
configure:3349: gcc   -L/usr/lib/mesa conftest.c  >&5
configure:3353: $? = 0
configure:3401: result: yes
configure:3404: checking for C compiler default output file name
configure:3406: result: a.out
configure:3412: checking for suffix of executables
configure:3419: gcc -o conftest   -L/usr/lib/mesa conftest.c  >&5
configure:3423: $? = 0
configure:3445: result: 
configure:3467: checking whether we are cross compiling
configure:3475: gcc -o conftest   -L/usr/lib/mesa conftest.c  >&5
configure:3479: $? = 0
configure:3486: ./conftest
configure:3490: $? = 0
configure:3505: result: no
configure:3510: checking for suffix of object files
configure:3532: gcc -c   conftest.c >&5
configure:3536: $? = 0
configure:3557: result: o
configure:3561: checking whether we are using the GNU C compiler
configure:3580: gcc -c   conftest.c >&5
configure:3580: $? = 0
configure:3589: result: yes
configure:3598: checking whether gcc accepts -g
configure:3618: gcc -c -g  conftest.c >&5
configure:3618: $? = 0
configure:3659: result: yes
configure:3676: checking for gcc option to accept ISO C89
configure:3740: gcc  -c -g -O2  conftest.c >&5
configure:3740: $? = 0
configure:3753: result: none needed
configure:3784: checking for style of include used by make
configure:3812: result: GNU
configure:3837: checking dependency style of gcc
configure:3947: result: gcc3
configure:4020: checking for g++
configure:4036: found /opt/borealis-tools/gcc/bin/g++
configure:4047: result: g++
configure:4074: checking for C++ compiler version
configure:4083: g++ --version >&5
g++ (GCC) 4.1.1
Copyright (C) 2006 Free Software Foundation, Inc.
This is free software; see the source for copying conditions.  There is NO
warranty; not even for MERCHANTABILITY or FITNESS FOR A PARTICULAR PURPOSE.

configure:4094: $? = 0
configure:4083: g++ -v >&5
Using built-in specs.
Target: i686-pc-linux-gnu
Configured with: ../gcc-4.1.1/configure --program-prefix=4.1.1 --prefix=/opt/borealis-tools/gcc --enable-languages=c,c++ : (reconfigured) ../gcc-4.1.1/configure --prefix=/opt/borealis-tools/gcc --enable-languages=c,c++
Thread model: posix
gcc version 4.1.1
configure:4094: $? = 0
configure:4083: g++ -V >&5
g++: '-V' option must have argument
configure:4094: $? = 1
configure:4083: g++ -qversion >&5
g++: unrecognized option '-qversion'
g++: no input files
configure:4094: $? = 1
configure:4098: checking whether we are using the GNU C++ compiler
configure:4117: g++ -c   conftest.cpp >&5
configure:4117: $? = 0
configure:4126: result: yes
configure:4135: checking whether g++ accepts -g
configure:4155: g++ -c -g  conftest.cpp >&5
configure:4155: $? = 0
configure:4196: result: yes
configure:4221: checking dependency style of g++
configure:4331: result: gcc3
configure:4351: checking whether ln -s works
configure:4355: result: yes
configure:4392: checking build system type
configure:4406: result: i686-pc-linux-gnu
configure:4426: checking host system type
configure:4439: result: i686-pc-linux-gnu
configure:4459: checking for a sed that does not truncate output
configure:4523: result: /bin/sed
configure:4541: checking for grep that handles long lines and -e
configure:4599: result: /bin/grep
configure:4604: checking for egrep
configure:4666: result: /bin/grep -E
configure:4671: checking for fgrep
configure:4733: result: /bin/grep -F
configure:4768: checking for ld used by gcc
configure:4835: result: /usr/bin/ld
configure:4842: checking if the linker (/usr/bin/ld) is GNU ld
configure:4857: result: yes
configure:4869: checking for BSD- or MS-compatible name lister (nm)
configure:4918: result: /usr/bin/nm -B
configure:5036: checking the name lister (/usr/bin/nm -B) interface
configure:5043: gcc -c -O3  conftest.c >&5
configure:5046: /usr/bin/nm -B "conftest.o"
configure:5049: output
00000000 B some_variable
configure:5056: result: BSD nm
configure:5060: checking the maximum length of command line arguments
configure:5180: result: 1572864
configure:5197: checking whether the shell understands some XSI constructs
configure:5207: result: yes
configure:5211: checking whether the shell understands "+="
configure:5217: result: yes
configure:5252: checking for /usr/bin/ld option to reload object files
configure:5259: result: -r
configure:5328: checking for objdump
configure:5344: found /usr/bin/objdump
configure:5355: result: objdump
configure:5387: checking how to recognize dependent libraries
configure:5583: result: pass_all
configure:5643: checking for ar
configure:5659: found /usr/bin/ar
configure:5670: result: ar
configure:5748: checking for strip
configure:5764: found /usr/bin/strip
configure:5775: result: strip
configure:5847: checking for ranlib
configure:5863: found /usr/bin/ranlib
configure:5874: result: ranlib
configure:5964: checking command to parse /usr/bin/nm -B output from gcc object
configure:6082: gcc -c -O3  conftest.c >&5
configure:6085: $? = 0
configure:6089: /usr/bin/nm -B conftest.o \| sed -n -e 's/^.*[	 ]\([ABCDGIRSTW][ABCDGIRSTW]*\)[	 ][	 ]*\([_A-Za-z][_A-Za-z0-9]*\)$/\1 \2 \2/p' \> conftest.nm
configure:6092: $? = 0
configure:6146: gcc -o conftest -O3  -L/usr/lib/mesa conftest.c conftstm.o >&5
configure:6149: $? = 0
configure:6187: result: ok
configure:6996: checking how to run the C preprocessor
configure:7027: gcc -E  conftest.c
configure:7027: $? = 0
configure:7041: gcc -E  conftest.c
conftest.c:11:28: error: ac_nonexistent.h: No such file or directory
configure:7041: $? = 1
configure: failed program was:
| /* confdefs.h */
| #define PACKAGE_NAME ""
| #define PACKAGE_TARNAME ""
| #define PACKAGE_VERSION ""
| #define PACKAGE_STRING ""
| #define PACKAGE_BUGREPORT ""
| #define PACKAGE_URL ""
| #define PACKAGE "test"
| #define VERSION "0.1"
| /* end confdefs.h.  */
| #include <ac_nonexistent.h>
configure:7066: result: gcc -E
configure:7086: gcc -E  conftest.c
configure:7086: $? = 0
configure:7100: gcc -E  conftest.c
conftest.c:11:28: error: ac_nonexistent.h: No such file or directory
configure:7100: $? = 1
configure: failed program was:
| /* confdefs.h */
| #define PACKAGE_NAME ""
| #define PACKAGE_TARNAME ""
| #define PACKAGE_VERSION ""
| #define PACKAGE_STRING ""
| #define PACKAGE_BUGREPORT ""
| #define PACKAGE_URL ""
| #define PACKAGE "test"
| #define VERSION "0.1"
| /* end confdefs.h.  */
| #include <ac_nonexistent.h>
configure:7129: checking for ANSI C header files
configure:7149: gcc -c -O3  conftest.c >&5
configure:7149: $? = 0
configure:7222: gcc -o conftest -O3  -L/usr/lib/mesa conftest.c  >&5
configure:7222: $? = 0
configure:7222: ./conftest
configure:7222: $? = 0
configure:7233: result: yes
configure:7246: checking for sys/types.h
configure:7246: gcc -c -O3  conftest.c >&5
configure:7246: $? = 0
configure:7246: result: yes
configure:7246: checking for sys/stat.h
configure:7246: gcc -c -O3  conftest.c >&5
configure:7246: $? = 0
configure:7246: result: yes
configure:7246: checking for stdlib.h
configure:7246: gcc -c -O3  conftest.c >&5
configure:7246: $? = 0
configure:7246: result: yes
configure:7246: checking for string.h
configure:7246: gcc -c -O3  conftest.c >&5
configure:7246: $? = 0
configure:7246: result: yes
configure:7246: checking for memory.h
configure:7246: gcc -c -O3  conftest.c >&5
configure:7246: $? = 0
configure:7246: result: yes
configure:7246: checking for strings.h
configure:7246: gcc -c -O3  conftest.c >&5
configure:7246: $? = 0
configure:7246: result: yes
configure:7246: checking for inttypes.h
configure:7246: gcc -c -O3  conftest.c >&5
configure:7246: $? = 0
configure:7246: result: yes
configure:7246: checking for stdint.h
configure:7246: gcc -c -O3  conftest.c >&5
configure:7246: $? = 0
configure:7246: result: yes
configure:7246: checking for unistd.h
configure:7246: gcc -c -O3  conftest.c >&5
configure:7246: $? = 0
configure:7246: result: yes
configure:7260: checking for dlfcn.h
configure:7260: gcc -c -O3  conftest.c >&5
configure:7260: $? = 0
configure:7260: result: yes
configure:7385: checking for C++ compiler version
configure:7394: g++ --version >&5
g++ (GCC) 4.1.1
Copyright (C) 2006 Free Software Foundation, Inc.
This is free software; see the source for copying conditions.  There is NO
warranty; not even for MERCHANTABILITY or FITNESS FOR A PARTICULAR PURPOSE.

configure:7405: $? = 0
configure:7394: g++ -v >&5
Using built-in specs.
Target: i686-pc-linux-gnu
Configured with: ../gcc-4.1.1/configure --program-prefix=4.1.1 --prefix=/opt/borealis-tools/gcc --enable-languages=c,c++ : (reconfigured) ../gcc-4.1.1/configure --prefix=/opt/borealis-tools/gcc --enable-languages=c,c++
Thread model: posix
gcc version 4.1.1
configure:7405: $? = 0
configure:7394: g++ -V >&5
g++: '-V' option must have argument
configure:7405: $? = 1
configure:7394: g++ -qversion >&5
g++: unrecognized option '-qversion'
g++: no input files
configure:7405: $? = 1
configure:7409: checking whether we are using the GNU C++ compiler
configure:7437: result: yes
configure:7446: checking whether g++ accepts -g
configure:7507: result: yes
configure:7532: checking dependency style of g++
configure:7642: result: gcc3
configure:7665: checking how to run the C++ preprocessor
configure:7692: g++ -E  conftest.cpp
configure:7692: $? = 0
configure:7706: g++ -E  conftest.cpp
conftest.cpp:22:28: error: ac_nonexistent.h: No such file or directory
configure:7706: $? = 1
configure: failed program was:
| /* confdefs.h */
| #define PACKAGE_NAME ""
| #define PACKAGE_TARNAME ""
| #define PACKAGE_VERSION ""
| #define PACKAGE_STRING ""
| #define PACKAGE_BUGREPORT ""
| #define PACKAGE_URL ""
| #define PACKAGE "test"
| #define VERSION "0.1"
| #define STDC_HEADERS 1
| #define HAVE_SYS_TYPES_H 1
| #define HAVE_SYS_STAT_H 1
| #define HAVE_STDLIB_H 1
| #define HAVE_STRING_H 1
| #define HAVE_MEMORY_H 1
| #define HAVE_STRINGS_H 1
| #define HAVE_INTTYPES_H 1
| #define HAVE_STDINT_H 1
| #define HAVE_UNISTD_H 1
| #define HAVE_DLFCN_H 1
| /* end confdefs.h.  */
| #include <ac_nonexistent.h>
configure:7731: result: g++ -E
configure:7751: g++ -E  conftest.cpp
configure:7751: $? = 0
configure:7765: g++ -E  conftest.cpp
conftest.cpp:22:28: error: ac_nonexistent.h: No such file or directory
configure:7765: $? = 1
configure: failed program was:
| /* confdefs.h */
| #define PACKAGE_NAME ""
| #define PACKAGE_TARNAME ""
| #define PACKAGE_VERSION ""
| #define PACKAGE_STRING ""
| #define PACKAGE_BUGREPORT ""
| #define PACKAGE_URL ""
| #define PACKAGE "test"
| #define VERSION "0.1"
| #define STDC_HEADERS 1
| #define HAVE_SYS_TYPES_H 1
| #define HAVE_SYS_STAT_H 1
| #define HAVE_STDLIB_H 1
| #define HAVE_STRING_H 1
| #define HAVE_MEMORY_H 1
| #define HAVE_STRINGS_H 1
| #define HAVE_INTTYPES_H 1
| #define HAVE_STDINT_H 1
| #define HAVE_UNISTD_H 1
| #define HAVE_DLFCN_H 1
| /* end confdefs.h.  */
| #include <ac_nonexistent.h>
configure:7971: checking for objdir
configure:7986: result: .libs
configure:8278: checking if gcc supports -fno-rtti -fno-exceptions
configure:8296: gcc -c -O3  -fno-rtti -fno-exceptions conftest.c >&5
cc1: warning: command line option "-fno-rtti" is valid for C++/ObjC++ but not for C
configure:8300: $? = 0
configure:8313: result: no
configure:8333: checking for gcc option to produce PIC
configure:8605: result: -fPIC -DPIC
configure:8617: checking if gcc PIC flag -fPIC -DPIC works
configure:8635: gcc -c -O3  -fPIC -DPIC -DPIC conftest.c >&5
configure:8639: $? = 0
configure:8652: result: yes
configure:8676: checking if gcc static flag -static works
configure:8704: result: yes
configure:8719: checking if gcc supports -c -o file.o
configure:8740: gcc -c -O3  -o out/conftest2.o conftest.c >&5
configure:8744: $? = 0
configure:8766: result: yes
configure:8774: checking if gcc supports -c -o file.o
configure:8821: result: yes
configure:8854: checking whether the gcc linker (/usr/bin/ld) supports shared libraries
configure:9845: result: yes
configure:9882: checking whether -lc should be explicitly linked in
configure:9887: gcc -c -O3  conftest.c >&5
configure:9890: $? = 0
configure:9905: gcc -shared conftest.o  -v -Wl,-soname -Wl,conftest -o conftest 2\>\&1 \| /bin/grep  -lc  \>/dev/null 2\>\&1
configure:9908: $? = 0
configure:9920: result: no
configure:10084: checking dynamic linker characteristics
configure:10517: gcc -o conftest -O3  -L/usr/lib/mesa -Wl,-rpath -Wl,/foo conftest.c  >&5
configure:10517: $? = 0
configure:10747: result: GNU/Linux ld.so
configure:10849: checking how to hardcode library paths into programs
configure:10874: result: immediate
configure:11394: checking whether stripping libraries is possible
configure:11399: result: yes
configure:11434: checking if libtool supports shared libraries
configure:11436: result: yes
configure:11439: checking whether to build shared libraries
configure:11460: result: yes
configure:11463: checking whether to build static libraries
configure:11467: result: yes
configure:11617: checking for ld used by g++
configure:11684: result: /usr/bin/ld
configure:11691: checking if the linker (/usr/bin/ld) is GNU ld
configure:11706: result: yes
configure:11761: checking whether the g++ linker (/usr/bin/ld) supports shared libraries
configure:12674: result: yes
configure:12702: g++ -c -O3  conftest.cpp >&5
configure:12705: $? = 0
configure:12887: checking for g++ option to produce PIC
configure:13204: result: -fPIC -DPIC
configure:13213: checking if g++ PIC flag -fPIC -DPIC works
configure:13231: g++ -c -O3  -fPIC -DPIC -DPIC conftest.cpp >&5
configure:13235: $? = 0
configure:13248: result: yes
configure:13269: checking if g++ static flag -static works
configure:13297: result: yes
configure:13309: checking if g++ supports -c -o file.o
configure:13330: g++ -c -O3  -o out/conftest2.o conftest.cpp >&5
configure:13334: $? = 0
configure:13356: result: yes
configure:13361: checking if g++ supports -c -o file.o
configure:13408: result: yes
configure:13438: checking whether the g++ linker (/usr/bin/ld) supports shared libraries
configure:13467: result: yes
configure:13604: checking dynamic linker characteristics
configure:13985: g++ -o conftest -O3  -L/usr/lib/mesa -Wl,-rpath -Wl,/foo conftest.cpp  >&5
configure:13985: $? = 0
configure:14215: result: GNU/Linux ld.so
configure:14266: checking how to hardcode library paths into programs
configure:14291: result: immediate
configure:14354: checking for ANSI C header files
configure:14458: result: yes
configure:14466: checking for sys/wait.h that is POSIX.1 compatible
configure:14492: gcc -c -O3  conftest.c >&5
configure:14492: $? = 0
configure:14499: result: yes
configure:14510: checking fcntl.h usability
configure:14510: gcc -c -O3  conftest.c >&5
configure:14510: $? = 0
configure:14510: result: yes
configure:14510: checking fcntl.h presence
configure:14510: gcc -E  conftest.c
configure:14510: $? = 0
configure:14510: result: yes
configure:14510: checking for fcntl.h
configure:14510: result: yes
configure:14510: checking for unistd.h
configure:14510: result: yes
configure:14521: checking for an ANSI C-conforming const
configure:14586: gcc -c -O3  conftest.c >&5
configure:14586: $? = 0
configure:14593: result: yes
configure:14604: checking for strstr
configure:14604: gcc -o conftest -O3  -L/usr/lib/mesa conftest.c  >&5
conftest.c:50: warning: conflicting types for built-in function 'strstr'
configure:14604: $? = 0
configure:14604: result: yes
configure:14636: checking for OCV
configure:14653: result: no
configure:14655: result: /usr/include/opencv/cv.h does not exist.
configure:14657: result: Array processing will not be compiled.
configure:14668: checking whether to build User Defined Boxes
configure:14684: result: no
configure:14708: checking for NMSTL
configure:14719: result: /opt/borealis-tools/nmstl
configure:14727: checking whether -I/opt/borealis-tools/nmstl/include causes a compiler warning and should be cleared
configure:14748: g++ -c -O3  -I/opt/borealis-tools/nmstl/include -Wall -Werror conftest.cpp >&5
configure:14748: $? = 0
configure:14758: result: no
configure:14769: checking so nmstlinclude is now:
configure:14771: result: -I/opt/borealis-tools/nmstl/include
configure:14780: checking whether to use -DNMSTL_PTR_TRACE
configure:14795: result: no
configure:14807: checking for Borealis
configure:14817: result: yes
configure:14832: checking for ANTLR
configure:14845: result: yes
configure:14862: checking for BDB
configure:14898: result: no
configure:14900: result: /usr/include/db_cxx.h or /usr/lib/libdb_cxx.so or /usr/lib/libdb.so does not exist.
configure:14902: result: No Berkeley-Db related stuff will be compiled.
configure:14933: checking for Xerces-C
configure:14944: result: yes
configure:14952: checking whether -I/opt/borealis-tools/xercesc/include causes a compiler warning and should be cleared
configure:14974: g++ -c -O3  -I/opt/borealis-tools/xercesc/include conftest.cpp >&5
configure:14974: $? = 0
configure:14984: result: no
configure:14995: checking so xercescinclude is now
configure:14997: result: -I/opt/borealis-tools/xercesc/include
configure:15004: checking whether to use -DNMSTL_NO_MESSAGES
configure:15014: result: no
configure:15170: creating ./config.status

## ---------------------- ##
## Running config.status. ##
## ---------------------- ##

This file was extended by config.status, which was
generated by GNU Autoconf 2.67.  Invocation command line was

  CONFIG_FILES    = 
  CONFIG_HEADERS  = 
  CONFIG_LINKS    = 
  CONFIG_COMMANDS = 
  $ ./config.status 

on hellojinjie

config.status:1167: creating Makefile
config.status:1167: creating ids/Makefile
config.status:1167: creating parallel/Makefile
config.status:1167: creating mitre/Makefile
config.status:1167: creating ha/Makefile
config.status:1167: creating array/Makefile
config.status:1167: creating contrast_decision/Makefile
config.status:1167: creating contrast_composite/Makefile
config.status:1167: creating config.h
config.status:1395: executing depfiles commands
config.status:1395: executing libtool commands

## ---------------- ##
## Cache variables. ##
## ---------------- ##

ac_cv_build=i686-pc-linux-gnu
ac_cv_c_compiler_gnu=yes
ac_cv_c_const=yes
ac_cv_cxx_compiler_gnu=yes
ac_cv_env_CCC_set=
ac_cv_env_CCC_value=
ac_cv_env_CC_set=
ac_cv_env_CC_value=
ac_cv_env_CFLAGS_set=
ac_cv_env_CFLAGS_value=
ac_cv_env_CPPFLAGS_set=
ac_cv_env_CPPFLAGS_value=
ac_cv_env_CPP_set=
ac_cv_env_CPP_value=
ac_cv_env_CXXCPP_set=
ac_cv_env_CXXCPP_value=
ac_cv_env_CXXFLAGS_set=
ac_cv_env_CXXFLAGS_value=
ac_cv_env_CXX_set=
ac_cv_env_CXX_value=
ac_cv_env_LDFLAGS_set=set
ac_cv_env_LDFLAGS_value=-L/usr/lib/mesa
ac_cv_env_LIBS_set=
ac_cv_env_LIBS_value=
ac_cv_env_build_alias_set=
ac_cv_env_build_alias_value=
ac_cv_env_host_alias_set=
ac_cv_env_host_alias_value=
ac_cv_env_target_alias_set=
ac_cv_env_target_alias_value=
ac_cv_func_strstr=yes
ac_cv_header_dlfcn_h=yes
ac_cv_header_fcntl_h=yes
ac_cv_header_inttypes_h=yes
ac_cv_header_memory_h=yes
ac_cv_header_stdc=yes
ac_cv_header_stdint_h=yes
ac_cv_header_stdlib_h=yes
ac_cv_header_string_h=yes
ac_cv_header_strings_h=yes
ac_cv_header_sys_stat_h=yes
ac_cv_header_sys_types_h=yes
ac_cv_header_sys_wait_h=yes
ac_cv_header_unistd_h=yes
ac_cv_host=i686-pc-linux-gnu
ac_cv_objext=o
ac_cv_path_EGREP='/bin/grep -E'
ac_cv_path_FGREP='/bin/grep -F'
ac_cv_path_GREP=/bin/grep
ac_cv_path_SED=/bin/sed
ac_cv_path_install='/usr/bin/install -c'
ac_cv_path_mkdir=/bin/mkdir
ac_cv_prog_AWK=gawk
ac_cv_prog_CPP='gcc -E'
ac_cv_prog_CXXCPP='g++ -E'
ac_cv_prog_ac_ct_AR=ar
ac_cv_prog_ac_ct_CC=gcc
ac_cv_prog_ac_ct_CXX=g++
ac_cv_prog_ac_ct_OBJDUMP=objdump
ac_cv_prog_ac_ct_RANLIB=ranlib
ac_cv_prog_ac_ct_STRIP=strip
ac_cv_prog_cc_c89=
ac_cv_prog_cc_g=yes
ac_cv_prog_cxx_g=yes
ac_cv_prog_make_make_set=yes
am_cv_CC_dependencies_compiler_type=gcc3
am_cv_CXX_dependencies_compiler_type=gcc3
lt_cv_deplibs_check_method=pass_all
lt_cv_file_magic_cmd='$MAGIC_CMD'
lt_cv_file_magic_test_file=
lt_cv_ld_reload_flag=-r
lt_cv_nm_interface='BSD nm'
lt_cv_objdir=.libs
lt_cv_path_LD=/usr/bin/ld
lt_cv_path_LDCXX=/usr/bin/ld
lt_cv_path_NM='/usr/bin/nm -B'
lt_cv_prog_compiler_c_o=yes
lt_cv_prog_compiler_c_o_CXX=yes
lt_cv_prog_compiler_pic_works=yes
lt_cv_prog_compiler_pic_works_CXX=yes
lt_cv_prog_compiler_rtti_exceptions=no
lt_cv_prog_compiler_static_works=yes
lt_cv_prog_compiler_static_works_CXX=yes
lt_cv_prog_gnu_ld=yes
lt_cv_prog_gnu_ldcxx=yes
lt_cv_sys_global_symbol_pipe='sed -n -e '\''s/^.*[	 ]\([ABCDGIRSTW][ABCDGIRSTW]*\)[	 ][	 ]*\([_A-Za-z][_A-Za-z0-9]*\)$/\1 \2 \2/p'\'''
lt_cv_sys_global_symbol_to_c_name_address='sed -n -e '\''s/^: \([^ ]*\) $/  {\"\1\", (void *) 0},/p'\'' -e '\''s/^[ABCDGIRSTW]* \([^ ]*\) \([^ ]*\)$/  {"\2", (void *) \&\2},/p'\'''
lt_cv_sys_global_symbol_to_c_name_address_lib_prefix='sed -n -e '\''s/^: \([^ ]*\) $/  {\"\1\", (void *) 0},/p'\'' -e '\''s/^[ABCDGIRSTW]* \([^ ]*\) \(lib[^ ]*\)$/  {"\2", (void *) \&\2},/p'\'' -e '\''s/^[ABCDGIRSTW]* \([^ ]*\) \([^ ]*\)$/  {"lib\2", (void *) \&\2},/p'\'''
lt_cv_sys_global_symbol_to_cdecl='sed -n -e '\''s/^T .* \(.*\)$/extern int \1();/p'\'' -e '\''s/^[ABCDGIRSTW]* .* \(.*\)$/extern char \1;/p'\'''
lt_cv_sys_max_cmd_len=1572864

## ----------------- ##
## Output variables. ##
## ----------------- ##

ACLOCAL='${SHELL} /home/jj/Workspace/borealis_summer_2008/borealis/demo/config/missing --run aclocal-1.11'
AMDEPBACKSLASH='\'
AMDEP_FALSE='#'
AMDEP_TRUE=''
AMTAR='${SHELL} /home/jj/Workspace/borealis_summer_2008/borealis/demo/config/missing --run tar'
ANTLRINCLUDE='-I/opt/borealis-tools/antlr/include'
ANTLRLIB='/opt/borealis-tools/antlr/lib/libantlr.a '
ANTLR_JAR_FILE='/opt/borealis-tools/antlr/lib/antlr.jar'
AR='ar'
AUTOCONF='${SHELL} /home/jj/Workspace/borealis_summer_2008/borealis/demo/config/missing --run autoconf'
AUTOHEADER='${SHELL} /home/jj/Workspace/borealis_summer_2008/borealis/demo/config/missing --run autoheader'
AUTOMAKE='${SHELL} /home/jj/Workspace/borealis_summer_2008/borealis/demo/config/missing --run automake-1.11'
AWK='gawk'
BDBDIR=''
BDBINCLUDE='-I/home/jj/Workspace/borealis_summer_2008/borealis/demo/external/bdb/stub'
BDBLIB=''
BOREALISINCLUDE='-I/opt/borealis-tools/nmstl/include -I/opt/borealis-tools/xercesc/include -I/opt/borealis-tools/antlr/include'
BOREALISLIB='-L/opt/borealis-tools/nmstl/lib -lNMSTL -lexpat -lpthread -lreadline -lncurses -L/opt/borealis-tools/xercesc/lib -lxerces-c /opt/borealis-tools/antlr/lib/libantlr.a '
BOREALISROOT='../src'
CC='gcc'
CCDEPMODE='depmode=gcc3'
CFLAGS='-O3'
COND_BDB_FALSE=''
COND_BDB_TRUE='#'
COND_UDB_FALSE=''
COND_UDB_TRUE='#'
CPP='gcc -E'
CPPFLAGS=''
CXX='g++'
CXXCPP='g++ -E'
CXXDEPMODE='depmode=gcc3'
CXXFLAGS='-O3'
CYGPATH_W='echo'
DEFS='-DHAVE_CONFIG_H'
DEPDIR='.deps'
DSYMUTIL=''
DUMPBIN=''
ECHO_C=''
ECHO_N='-n'
ECHO_T=''
EGREP='/bin/grep -E'
EXEEXT=''
EXTERNALINCLUDE='-I/home/jj/Workspace/borealis_summer_2008/borealis/demo/external/bdb/stub    '
EXTERNALLIB='  '
FGREP='/bin/grep -F'
GREP='/bin/grep'
INSTALL_DATA='${INSTALL} -m 644'
INSTALL_PROGRAM='${INSTALL}'
INSTALL_SCRIPT='${INSTALL}'
INSTALL_STRIP_PROGRAM='$(install_sh) -c -s'
LD='/usr/bin/ld'
LDFLAGS='-L/usr/lib/mesa'
LIBOBJS=''
LIBS=''
LIBTOOL='$(SHELL) $(top_builddir)/libtool'
LIPO=''
LN_S='ln -s'
LTLIBOBJS=''
MAKEINFO='${SHELL} /home/jj/Workspace/borealis_summer_2008/borealis/demo/config/missing --run makeinfo'
MKDIR_P='/bin/mkdir -p'
NM='/usr/bin/nm -B'
NMEDIT=''
NMSTLDIR='/opt/borealis-tools/nmstl'
NMSTLINCLUDE='-I/opt/borealis-tools/nmstl/include'
NMSTLLIB='-L/opt/borealis-tools/nmstl/lib -lNMSTL -lexpat -lpthread -lreadline -lncurses'
NMSTLSUBDIR=''
OBJDUMP='objdump'
OBJEXT='o'
OCVDIR=''
OCVINCLUDE=''
OCVLIB=''
OTOOL64=''
OTOOL=''
PACKAGE='test'
PACKAGE_BUGREPORT=''
PACKAGE_NAME=''
PACKAGE_STRING=''
PACKAGE_TARNAME=''
PACKAGE_URL=''
PACKAGE_VERSION=''
PATH_SEPARATOR=':'
RANLIB='ranlib'
SED='/bin/sed'
SET_MAKE=''
SHELL='/bin/bash'
STRIP='strip'
VERSION='0.1'
XERCESCINCLUDE='-I/opt/borealis-tools/xercesc/include'
XERCESCLIB='-L/opt/borealis-tools/xercesc/lib -lxerces-c'
ac_ct_CC='gcc'
ac_ct_CXX='g++'
ac_ct_DUMPBIN=''
am__EXEEXT_FALSE=''
am__EXEEXT_TRUE='#'
am__fastdepCC_FALSE='#'
am__fastdepCC_TRUE=''
am__fastdepCXX_FALSE='#'
am__fastdepCXX_TRUE=''
am__include='include'
am__isrc=''
am__leading_dot='.'
am__quote=''
am__tar='${AMTAR} chof - "$$tardir"'
am__untar='${AMTAR} xf -'
bindir='${exec_prefix}/bin'
build='i686-pc-linux-gnu'
build_alias=''
build_cpu='i686'
build_os='linux-gnu'
build_vendor='pc'
datadir='${datarootdir}'
datarootdir='${prefix}/share'
docdir='${datarootdir}/doc/${PACKAGE}'
dvidir='${docdir}'
exec_prefix='${prefix}'
host='i686-pc-linux-gnu'
host_alias=''
host_cpu='i686'
host_os='linux-gnu'
host_vendor='pc'
htmldir='${docdir}'
includedir='${prefix}/include'
infodir='${datarootdir}/info'
install_sh='${SHELL} /home/jj/Workspace/borealis_summer_2008/borealis/demo/config/install-sh'
libdir='${exec_prefix}/lib'
libexecdir='${exec_prefix}/libexec'
localedir='${datarootdir}/locale'
localstatedir='${prefix}/var'
lt_ECHO='echo'
mandir='${datarootdir}/man'
mkdir_p='/bin/mkdir -p'
oldincludedir='/usr/include'
pdfdir='${docdir}'
prefix='/usr/local'
program_transform_name='s,x,x,'
psdir='${docdir}'
sbindir='${exec_prefix}/sbin'
sharedstatedir='${prefix}/com'
sysconfdir='${prefix}/etc'
target_alias=''

## ----------- ##
## confdefs.h. ##
## ----------- ##

/* confdefs.h */
#define PACKAGE_NAME ""
#define PACKAGE_TARNAME ""
#define PACKAGE_VERSION ""
#define PACKAGE_STRING ""
#define PACKAGE_BUGREPORT ""
#define PACKAGE_URL ""
#define PACKAGE "test"
#define VERSION "0.1"
#define STDC_HEADERS 1
#define HAVE_SYS_TYPES_H 1
#define HAVE_SYS_STAT_H 1
#define HAVE_STDLIB_H 1
#define HAVE_STRING_H 1
#define HAVE_MEMORY_H 1
#define HAVE_STRINGS_H 1
#define HAVE_INTTYPES_H 1
#define HAVE_STDINT_H 1
#define HAVE_UNISTD_H 1
#define HAVE_DLFCN_H 1
#define LT_OBJDIR ".libs/"
#define STDC_HEADERS 1
#define HAVE_SYS_WAIT_H 1
#define HAVE_FCNTL_H 1
#define HAVE_UNISTD_H 1
#define HAVE_STRSTR 1

configure: exit 0

## ---------------------- ##
## Running config.status. ##
## ---------------------- ##

This file was extended by config.status, which was
generated by GNU Autoconf 2.67.  Invocation command line was

  CONFIG_FILES    = 
  CONFIG_HEADERS  = 
  CONFIG_LINKS    = 
  CONFIG_COMMANDS = 
  $ ./config.status 

on hellojinjie

config.status:1167: creating Makefile
config.status:1167: creating ids/Makefile
config.status:1167: creating parallel/Makefile
config.status:1167: creating mitre/Makefile
config.status:1167: creating ha/Makefile
config.status:1167: creating array/Makefile
config.status:1167: creating contrast_decision/Makefile
config.status:1167: creating contrast_composite/Makefile
config.status:1167: creating config.h
config.status:1347: config.h is unchanged
config.status:1395: executing depfiles commands
config.status:1395: executing libtool commands
