This file contains any messages produced by compilers while
running configure, to aid debugging if configure makes a mistake.

It was created by configure, which was
generated by GNU Autoconf 2.67.  Invocation command line was

  $ ./configure --with-borealis=../../../../ --with-xercesc=/opt/borealis-tools/xercesc --with-nmstl=/opt/borealis-tools/nmstl

## --------- ##
## Platform. ##
## --------- ##

hostname = hellojinjie
uname -m = i686
uname -r = 2.6.38-8-generic
uname -s = Linux
uname -v = #42-Ubuntu SMP Mon Apr 11 03:31:50 UTC 2011

/usr/bin/uname -p = unknown
/bin/uname -X     = unknown

/bin/arch              = unknown
/usr/bin/arch -k       = unknown
/usr/convex/getsysinfo = unknown
/usr/bin/hostinfo      = unknown
/bin/machine           = unknown
/usr/bin/oslevel       = unknown
/bin/universe          = unknown

PATH: /opt/gcc334/bin
PATH: /opt/gcc346/bin
PATH: /home/jj/Workspace/borealis_summer_2008/borealis/tool/head
PATH: /home/jj/Workspace/borealis_summer_2008/borealis/tool/marshal
PATH: /opt/borealis-tools/gsl/bin
PATH: /opt/borealis-tools/nmstl/bin
PATH: /opt/borealis-tools/glpk/bin
PATH: /opt/borealis-tools/antlr/bin
PATH: /opt/borealis-tools/db/bin
PATH: /opt/borealis-tools/gcc/bin
PATH: /opt/borealis-tools/antlr/bin
PATH: /opt/borealis-tools/ccache/bin
PATH: /home/jj/bin
PATH: /usr/local/sbin
PATH: /usr/local/bin
PATH: /usr/sbin
PATH: /usr/bin
PATH: /sbin
PATH: /bin
PATH: /usr/games


## ----------- ##
## Core tests. ##
## ----------- ##

configure:2579: checking for a BSD-compatible install
configure:2647: result: /usr/bin/install -c
configure:2658: checking whether build environment is sane
configure:2708: result: yes
configure:2849: checking for a thread-safe mkdir -p
configure:2888: result: /bin/mkdir -p
configure:2901: checking for gawk
configure:2917: found /usr/bin/gawk
configure:2928: result: gawk
configure:2939: checking whether make sets $(MAKE)
configure:2961: result: yes
configure:3104: checking for g++
configure:3120: found /opt/gcc334/bin/g++
configure:3131: result: g++
configure:3158: checking for C++ compiler version
configure:3167: g++ --version >&5
g++ (GCC) 3.3.4
Copyright (C) 2003 Free Software Foundation, Inc.
This is free software; see the source for copying conditions.  There is NO
warranty; not even for MERCHANTABILITY or FITNESS FOR A PARTICULAR PURPOSE.

configure:3178: $? = 0
configure:3167: g++ -v >&5
Reading specs from /opt/gcc334/lib/gcc-lib/i686-pc-linux-gnu/3.3.4/specs
Configured with: ./configure --enable-languages=c,c++ --prefix=/opt/gcc334
Thread model: posix
gcc version 3.3.4
configure:3178: $? = 0
configure:3167: g++ -V >&5
g++: `-V' option must have argument
configure:3178: $? = 1
configure:3167: g++ -qversion >&5
g++: unrecognized option `-qversion'
g++: no input files
configure:3178: $? = 1
configure:3198: checking whether the C++ compiler works
configure:3220: g++    conftest.cpp  >&5
configure:3224: $? = 0
configure:3272: result: yes
configure:3275: checking for C++ compiler default output file name
configure:3277: result: a.out
configure:3283: checking for suffix of executables
configure:3290: g++ -o conftest    conftest.cpp  >&5
configure:3294: $? = 0
configure:3316: result: 
configure:3338: checking whether we are cross compiling
configure:3346: g++ -o conftest    conftest.cpp  >&5
configure:3350: $? = 0
configure:3357: ./conftest
./conftest: error while loading shared libraries: libstdc++.so.5: cannot open shared object file: No such file or directory
configure:3361: $? = 127
configure:3368: error: in `/home/jj/Workspace/borealis_summer_2008/borealis/demo/sigmod2005/cube/bot_src':
configure:3370: error: cannot run C++ compiled programs.
If you meant to cross compile, use `--host'.
See `config.log' for more details

## ---------------- ##
## Cache variables. ##
## ---------------- ##

ac_cv_env_CCC_set=
ac_cv_env_CCC_value=
ac_cv_env_CC_set=
ac_cv_env_CC_value=
ac_cv_env_CFLAGS_set=
ac_cv_env_CFLAGS_value=
ac_cv_env_CPPFLAGS_set=
ac_cv_env_CPPFLAGS_value=
ac_cv_env_CPP_set=
ac_cv_env_CPP_value=
ac_cv_env_CXXCPP_set=
ac_cv_env_CXXCPP_value=
ac_cv_env_CXXFLAGS_set=
ac_cv_env_CXXFLAGS_value=
ac_cv_env_CXX_set=
ac_cv_env_CXX_value=
ac_cv_env_LDFLAGS_set=
ac_cv_env_LDFLAGS_value=
ac_cv_env_LIBS_set=
ac_cv_env_LIBS_value=
ac_cv_env_XMKMF_set=
ac_cv_env_XMKMF_value=
ac_cv_env_build_alias_set=
ac_cv_env_build_alias_value=
ac_cv_env_host_alias_set=
ac_cv_env_host_alias_value=
ac_cv_env_target_alias_set=
ac_cv_env_target_alias_value=
ac_cv_path_install='/usr/bin/install -c'
ac_cv_path_mkdir=/bin/mkdir
ac_cv_prog_AWK=gawk
ac_cv_prog_ac_ct_CXX=g++
ac_cv_prog_make_make_set=yes

## ----------------- ##
## Output variables. ##
## ----------------- ##

ACLOCAL='${SHELL} /home/jj/Workspace/borealis_summer_2008/borealis/demo/sigmod2005/cube/bot_src/config/missing --run aclocal-1.11'
AMDEPBACKSLASH=''
AMDEP_FALSE=''
AMDEP_TRUE=''
AMTAR='${SHELL} /home/jj/Workspace/borealis_summer_2008/borealis/demo/sigmod2005/cube/bot_src/config/missing --run tar'
AR=''
AUTOCONF='${SHELL} /home/jj/Workspace/borealis_summer_2008/borealis/demo/sigmod2005/cube/bot_src/config/missing --run autoconf'
AUTOHEADER='${SHELL} /home/jj/Workspace/borealis_summer_2008/borealis/demo/sigmod2005/cube/bot_src/config/missing --run autoheader'
AUTOMAKE='${SHELL} /home/jj/Workspace/borealis_summer_2008/borealis/demo/sigmod2005/cube/bot_src/config/missing --run automake-1.11'
AWK='gawk'
BOREALISROOT=''
CC=''
CCDEPMODE=''
CFLAGS=''
CPP=''
CPPFLAGS=''
CXX='g++'
CXXCPP=''
CXXDEPMODE=''
CXXFLAGS=''
CYGPATH_W='echo'
DEFS=''
DEPDIR=''
DSYMUTIL=''
DUMPBIN=''
ECHO_C=''
ECHO_N='-n'
ECHO_T=''
EGREP=''
EXEEXT=''
FGREP=''
GREP=''
INSTALL_DATA='${INSTALL} -m 644'
INSTALL_PROGRAM='${INSTALL}'
INSTALL_SCRIPT='${INSTALL}'
INSTALL_STRIP_PROGRAM='$(install_sh) -c -s'
JAVA=''
JAVA_HOME=''
LD=''
LDFLAGS=''
LIBOBJS=''
LIBS=''
LIBTOOL=''
LIPO=''
LN_S=''
LTLIBOBJS=''
MAKEINFO='${SHELL} /home/jj/Workspace/borealis_summer_2008/borealis/demo/sigmod2005/cube/bot_src/config/missing --run makeinfo'
MKDIR_P='/bin/mkdir -p'
NM=''
NMEDIT=''
NMSTLDIR=''
NMSTLINCLUDE=''
NMSTLLIB=''
NMSTLSUBDIR=''
OBJDUMP=''
OBJEXT=''
OTOOL64=''
OTOOL=''
PACKAGE='test'
PACKAGE_BUGREPORT=''
PACKAGE_NAME=''
PACKAGE_STRING=''
PACKAGE_TARNAME=''
PACKAGE_URL=''
PACKAGE_VERSION=''
PATH_SEPARATOR=':'
RANLIB=''
SDL_CFLAGS=''
SDL_CONFIG=''
SDL_IMAGE_DIR=''
SDL_IMAGE_INCLUDE=''
SDL_IMAGE_LIB=''
SDL_LIBS=''
SDL_MIXER_DIR=''
SDL_MIXER_INCLUDE=''
SDL_MIXER_LIB=''
SED=''
SET_MAKE=''
SHELL='/bin/bash'
STRIP=''
VERSION='0.1'
XERCESCDIR=''
XERCESCINCLUDE=''
XERCESCLIB=''
XMKMF=''
ac_ct_CC=''
ac_ct_CXX='g++'
ac_ct_DUMPBIN=''
am__EXEEXT_FALSE=''
am__EXEEXT_TRUE=''
am__fastdepCC_FALSE=''
am__fastdepCC_TRUE=''
am__fastdepCXX_FALSE=''
am__fastdepCXX_TRUE=''
am__include=''
am__isrc=''
am__leading_dot='.'
am__quote=''
am__tar='${AMTAR} chof - "$$tardir"'
am__untar='${AMTAR} xf -'
bindir='${exec_prefix}/bin'
build=''
build_alias=''
build_cpu=''
build_os=''
build_vendor=''
datadir='${datarootdir}'
datarootdir='${prefix}/share'
docdir='${datarootdir}/doc/${PACKAGE}'
dvidir='${docdir}'
exec_prefix='NONE'
host=''
host_alias=''
host_cpu=''
host_os=''
host_vendor=''
htmldir='${docdir}'
includedir='${prefix}/include'
infodir='${datarootdir}/info'
install_sh='${SHELL} /home/jj/Workspace/borealis_summer_2008/borealis/demo/sigmod2005/cube/bot_src/config/install-sh'
libdir='${exec_prefix}/lib'
libexecdir='${exec_prefix}/libexec'
localedir='${datarootdir}/locale'
localstatedir='${prefix}/var'
lt_ECHO='echo'
mandir='${datarootdir}/man'
mkdir_p='/bin/mkdir -p'
oldincludedir='/usr/include'
pdfdir='${docdir}'
prefix='NONE'
program_transform_name='s,x,x,'
psdir='${docdir}'
sbindir='${exec_prefix}/sbin'
sharedstatedir='${prefix}/com'
sysconfdir='${prefix}/etc'
target_alias=''

## ----------- ##
## confdefs.h. ##
## ----------- ##

/* confdefs.h */
#define PACKAGE_NAME ""
#define PACKAGE_TARNAME ""
#define PACKAGE_VERSION ""
#define PACKAGE_STRING ""
#define PACKAGE_BUGREPORT ""
#define PACKAGE_URL ""
#define PACKAGE "test"
#define VERSION "0.1"

configure: exit 1
